build/app/intermediates/manifest_merge_blame_file/debug/manifest-merger-blame-debug-report.txt
1<?xml version="1.0" encoding="utf-8"?>
2<manifest xmlns:android="http://schemas.android.com/apk/res/android"
3    package="com.example.bookapp"
4    android:versionCode="1"
5    android:versionName="1.0.0" >
6
7    <uses-sdk
8        android:minSdkVersion="21"
9        android:targetSdkVersion="34" />
10    <!--
11         The INTERNET permission is required for development. Specifically,
12         the Flutter tool needs it to communicate with the running application
13         to allow setting breakpoints, to provide hot reload, etc.
14    -->
15    <uses-permission android:name="android.permission.INTERNET" />
15-->src\main\AndroidManifest.xml:3:5-66
15-->src\main\AndroidManifest.xml:3:22-64
16    <uses-permission android:name="android.permission.ACCESS_NETWORK_STATE" />
16-->src\main\AndroidManifest.xml:4:5-79
16-->src\main\AndroidManifest.xml:4:22-76
17    <!--
18 Required to query activities that can process text, see:
19         https://developer.android.com/training/package-visibility?hl=en and
20         https://developer.android.com/reference/android/content/Intent#ACTION_PROCESS_TEXT.
21
22         In particular, this is used by the Flutter engine in io.flutter.plugin.text.ProcessTextPlugin.
23    -->
24    <queries>
24-->src\main\AndroidManifest.xml:69:5-74:15
25        <intent>
25-->src\main\AndroidManifest.xml:70:9-73:18
26            <action android:name="android.intent.action.PROCESS_TEXT" />
26-->src\main\AndroidManifest.xml:71:13-72
26-->src\main\AndroidManifest.xml:71:21-70
27
28            <data android:mimeType="text/plain" />
28-->src\main\AndroidManifest.xml:72:13-50
28-->src\main\AndroidManifest.xml:72:19-48
29        </intent>
30        <intent>
30-->[:file_picker] AndroidManifest.xml:14:9-18:18
31            <action android:name="android.intent.action.GET_CONTENT" />
31-->[:file_picker] AndroidManifest.xml:15:13-72
31-->[:file_picker] AndroidManifest.xml:15:21-69
32
33            <data android:mimeType="*/*" />
33-->src\main\AndroidManifest.xml:72:13-50
33-->src\main\AndroidManifest.xml:72:19-48
34        </intent>
35    </queries>
36
37    <uses-permission
37-->[:file_picker] AndroidManifest.xml:9:5-11:38
38        android:name="android.permission.READ_EXTERNAL_STORAGE"
38-->[:file_picker] AndroidManifest.xml:10:9-64
39        android:maxSdkVersion="32" />
39-->[:file_picker] AndroidManifest.xml:11:9-35
40    <uses-permission android:name="android.permission.WAKE_LOCK" />
40-->[com.google.android.gms:play-services-measurement-api:21.6.1] AndroidManifest.xml:24:5-68
40-->[com.google.android.gms:play-services-measurement-api:21.6.1] AndroidManifest.xml:24:22-65
41    <uses-permission android:name="com.google.android.gms.permission.AD_ID" />
41-->[com.google.android.gms:play-services-measurement-api:21.6.1] AndroidManifest.xml:25:5-79
41-->[com.google.android.gms:play-services-measurement-api:21.6.1] AndroidManifest.xml:25:22-76
42    <uses-permission android:name="android.permission.ACCESS_ADSERVICES_ATTRIBUTION" />
42-->[com.google.android.gms:play-services-measurement-api:21.6.1] AndroidManifest.xml:26:5-88
42-->[com.google.android.gms:play-services-measurement-api:21.6.1] AndroidManifest.xml:26:22-85
43    <uses-permission android:name="android.permission.ACCESS_ADSERVICES_AD_ID" />
43-->[com.google.android.gms:play-services-measurement-api:21.6.1] AndroidManifest.xml:27:5-82
43-->[com.google.android.gms:play-services-measurement-api:21.6.1] AndroidManifest.xml:27:22-79
44    <uses-permission android:name="com.google.android.finsky.permission.BIND_GET_INSTALL_REFERRER_SERVICE" />
44-->[com.google.android.gms:play-services-measurement:21.6.1] AndroidManifest.xml:26:5-110
44-->[com.google.android.gms:play-services-measurement:21.6.1] AndroidManifest.xml:26:22-107
45    <uses-permission android:name="com.google.android.providers.gsf.permission.READ_GSERVICES" />
45-->[com.google.android.recaptcha:recaptcha:18.4.0] AndroidManifest.xml:9:5-98
45-->[com.google.android.recaptcha:recaptcha:18.4.0] AndroidManifest.xml:9:22-95
46
47    <permission
47-->[androidx.core:core:1.13.1] AndroidManifest.xml:22:5-24:47
48        android:name="com.example.bookapp.DYNAMIC_RECEIVER_NOT_EXPORTED_PERMISSION"
48-->[androidx.core:core:1.13.1] AndroidManifest.xml:23:9-81
49        android:protectionLevel="signature" />
49-->[androidx.core:core:1.13.1] AndroidManifest.xml:24:9-44
50
51    <uses-permission android:name="com.example.bookapp.DYNAMIC_RECEIVER_NOT_EXPORTED_PERMISSION" />
51-->[androidx.core:core:1.13.1] AndroidManifest.xml:26:5-97
51-->[androidx.core:core:1.13.1] AndroidManifest.xml:26:22-94
52
53    <application
54        android:name="android.app.Application"
55        android:appComponentFactory="androidx.core.app.CoreComponentFactory"
55-->[androidx.core:core:1.13.1] AndroidManifest.xml:28:18-86
56        android:debuggable="true"
57        android:icon="@mipmap/ic_launcher"
58        android:label="bookapp"
59        android:usesCleartextTraffic="true" >
60        <activity
61            android:name="com.example.bookapp.MainActivity"
62            android:configChanges="orientation|keyboardHidden|keyboard|screenSize|smallestScreenSize|locale|layoutDirection|fontScale|screenLayout|density|uiMode"
63            android:exported="true"
64            android:hardwareAccelerated="true"
65            android:launchMode="singleTop"
66            android:screenOrientation="portrait"
67            android:theme="@style/LaunchTheme"
68            android:windowSoftInputMode="adjustResize" >
69
70            <!--
71                 Specifies an Android theme to apply to this Activity as soon as
72                 the Android process has started. This theme is visible to the user
73                 while the Flutter UI initializes. After that, this theme continues
74                 to determine the Window background behind the Flutter UI.
75            -->
76            <!-- Add the intent filter for PDF files -->
77            <intent-filter android:scheme="http" >
78                <action android:name="android.intent.action.VIEW" />
78-->[com.google.firebase:firebase-auth:22.3.1] AndroidManifest.xml:36:17-69
78-->[com.google.firebase:firebase-auth:22.3.1] AndroidManifest.xml:36:25-66
79
80                <category android:name="android.intent.category.DEFAULT" />
80-->[com.google.firebase:firebase-auth:22.3.1] AndroidManifest.xml:38:17-76
80-->[com.google.firebase:firebase-auth:22.3.1] AndroidManifest.xml:38:27-73
81
82                <data android:mimeType="application/pdf" />
82-->src\main\AndroidManifest.xml:72:13-50
82-->src\main\AndroidManifest.xml:72:19-48
83            </intent-filter>
84
85            <meta-data
86                android:name="io.flutter.embedding.android.NormalTheme"
87                android:resource="@style/NormalTheme" />
88
89            <intent-filter>
90                <action android:name="android.intent.action.MAIN" />
91
92                <category android:name="android.intent.category.LAUNCHER" />
93            </intent-filter>
94        </activity>
95        <activity android:name="com.android.camera.CropImage" />
96        <activity android:name="com.yalantis.ucrop.UCropActivity" />
97
98        <!--
99             Don't delete the meta-data below.
100             This is used by the Flutter tool to generate GeneratedPluginRegistrant.java
101        -->
102        <meta-data
103            android:name="flutterEmbedding"
104            android:value="2" />
105
106        <service
106-->[:firebase_auth] AndroidManifest.xml:10:9-14:19
107            android:name="com.google.firebase.components.ComponentDiscoveryService"
107-->[:firebase_auth] AndroidManifest.xml:10:18-89
108            android:directBootAware="true"
108-->[com.google.firebase:firebase-common:20.4.3] AndroidManifest.xml:32:13-43
109            android:exported="false" >
109-->[com.google.firebase:firebase-firestore:24.11.0] AndroidManifest.xml:16:13-37
110            <meta-data
110-->[:firebase_auth] AndroidManifest.xml:11:13-13:85
111                android:name="com.google.firebase.components:io.flutter.plugins.firebase.auth.FlutterFirebaseAuthRegistrar"
111-->[:firebase_auth] AndroidManifest.xml:12:17-124
112                android:value="com.google.firebase.components.ComponentRegistrar" />
112-->[:firebase_auth] AndroidManifest.xml:13:17-82
113            <meta-data
113-->[:firebase_core] AndroidManifest.xml:11:13-13:85
114                android:name="com.google.firebase.components:io.flutter.plugins.firebase.core.FlutterFirebaseCoreRegistrar"
114-->[:firebase_core] AndroidManifest.xml:12:17-124
115                android:value="com.google.firebase.components.ComponentRegistrar" />
115-->[:firebase_core] AndroidManifest.xml:13:17-82
116            <meta-data
116-->[com.google.firebase:firebase-firestore:24.11.0] AndroidManifest.xml:17:13-19:85
117                android:name="com.google.firebase.components:com.google.firebase.firestore.FirebaseFirestoreKtxRegistrar"
117-->[com.google.firebase:firebase-firestore:24.11.0] AndroidManifest.xml:18:17-122
118                android:value="com.google.firebase.components.ComponentRegistrar" />
118-->[com.google.firebase:firebase-firestore:24.11.0] AndroidManifest.xml:19:17-82
119            <meta-data
119-->[com.google.firebase:firebase-firestore:24.11.0] AndroidManifest.xml:20:13-22:85
120                android:name="com.google.firebase.components:com.google.firebase.firestore.FirestoreRegistrar"
120-->[com.google.firebase:firebase-firestore:24.11.0] AndroidManifest.xml:21:17-111
121                android:value="com.google.firebase.components.ComponentRegistrar" />
121-->[com.google.firebase:firebase-firestore:24.11.0] AndroidManifest.xml:22:17-82
122            <meta-data
122-->[com.google.firebase:firebase-auth:22.3.1] AndroidManifest.xml:69:13-71:85
123                android:name="com.google.firebase.components:com.google.firebase.auth.FirebaseAuthRegistrar"
123-->[com.google.firebase:firebase-auth:22.3.1] AndroidManifest.xml:70:17-109
124                android:value="com.google.firebase.components.ComponentRegistrar" />
124-->[com.google.firebase:firebase-auth:22.3.1] AndroidManifest.xml:71:17-82
125            <meta-data
125-->[com.google.android.gms:play-services-measurement-api:21.6.1] AndroidManifest.xml:37:13-39:85
126                android:name="com.google.firebase.components:com.google.firebase.analytics.connector.internal.AnalyticsConnectorRegistrar"
126-->[com.google.android.gms:play-services-measurement-api:21.6.1] AndroidManifest.xml:38:17-139
127                android:value="com.google.firebase.components.ComponentRegistrar" />
127-->[com.google.android.gms:play-services-measurement-api:21.6.1] AndroidManifest.xml:39:17-82
128            <meta-data
128-->[com.google.firebase:firebase-installations:17.2.0] AndroidManifest.xml:15:13-17:85
129                android:name="com.google.firebase.components:com.google.firebase.installations.FirebaseInstallationsKtxRegistrar"
129-->[com.google.firebase:firebase-installations:17.2.0] AndroidManifest.xml:16:17-130
130                android:value="com.google.firebase.components.ComponentRegistrar" />
130-->[com.google.firebase:firebase-installations:17.2.0] AndroidManifest.xml:17:17-82
131            <meta-data
131-->[com.google.firebase:firebase-installations:17.2.0] AndroidManifest.xml:18:13-20:85
132                android:name="com.google.firebase.components:com.google.firebase.installations.FirebaseInstallationsRegistrar"
132-->[com.google.firebase:firebase-installations:17.2.0] AndroidManifest.xml:19:17-127
133                android:value="com.google.firebase.components.ComponentRegistrar" />
133-->[com.google.firebase:firebase-installations:17.2.0] AndroidManifest.xml:20:17-82
134            <meta-data
134-->[com.google.firebase:firebase-common-ktx:20.4.3] AndroidManifest.xml:12:13-14:85
135                android:name="com.google.firebase.components:com.google.firebase.ktx.FirebaseCommonLegacyRegistrar"
135-->[com.google.firebase:firebase-common-ktx:20.4.3] AndroidManifest.xml:13:17-116
136                android:value="com.google.firebase.components.ComponentRegistrar" />
136-->[com.google.firebase:firebase-common-ktx:20.4.3] AndroidManifest.xml:14:17-82
137            <meta-data
137-->[com.google.firebase:firebase-common:20.4.3] AndroidManifest.xml:35:13-37:85
138                android:name="com.google.firebase.components:com.google.firebase.FirebaseCommonKtxRegistrar"
138-->[com.google.firebase:firebase-common:20.4.3] AndroidManifest.xml:36:17-109
139                android:value="com.google.firebase.components.ComponentRegistrar" />
139-->[com.google.firebase:firebase-common:20.4.3] AndroidManifest.xml:37:17-82
140        </service>
141
142        <provider
142-->[:image_picker_android] AndroidManifest.xml:11:9-19:20
143            android:name="io.flutter.plugins.imagepicker.ImagePickerFileProvider"
143-->[:image_picker_android] AndroidManifest.xml:12:13-82
144            android:authorities="com.example.bookapp.flutter.image_provider"
144-->[:image_picker_android] AndroidManifest.xml:13:13-74
145            android:exported="false"
145-->[:image_picker_android] AndroidManifest.xml:14:13-37
146            android:grantUriPermissions="true" >
146-->[:image_picker_android] AndroidManifest.xml:15:13-47
147            <meta-data
147-->[:image_picker_android] AndroidManifest.xml:16:13-18:75
148                android:name="android.support.FILE_PROVIDER_PATHS"
148-->[:image_picker_android] AndroidManifest.xml:17:17-67
149                android:resource="@xml/flutter_image_picker_file_paths" />
149-->[:image_picker_android] AndroidManifest.xml:18:17-72
150        </provider> <!-- Trigger Google Play services to install the backported photo picker module. -->
151        <service
151-->[:image_picker_android] AndroidManifest.xml:21:9-33:19
152            android:name="com.google.android.gms.metadata.ModuleDependencies"
152-->[:image_picker_android] AndroidManifest.xml:22:13-78
153            android:enabled="false"
153-->[:image_picker_android] AndroidManifest.xml:23:13-36
154            android:exported="false" >
154-->[:image_picker_android] AndroidManifest.xml:24:13-37
155            <intent-filter>
155-->[:image_picker_android] AndroidManifest.xml:26:13-28:29
156                <action android:name="com.google.android.gms.metadata.MODULE_DEPENDENCIES" />
156-->[:image_picker_android] AndroidManifest.xml:27:17-94
156-->[:image_picker_android] AndroidManifest.xml:27:25-91
157            </intent-filter>
158
159            <meta-data
159-->[:image_picker_android] AndroidManifest.xml:30:13-32:36
160                android:name="photopicker_activity:0:required"
160-->[:image_picker_android] AndroidManifest.xml:31:17-63
161                android:value="" />
161-->[:image_picker_android] AndroidManifest.xml:32:17-33
162        </service>
163
164        <provider
164-->[:open_file] AndroidManifest.xml:11:9-20:20
165            android:name="com.crazecoder.openfile.FileProvider"
165-->[:open_file] AndroidManifest.xml:12:13-64
166            android:authorities="com.example.bookapp.fileProvider.com.crazecoder.openfile"
166-->[:open_file] AndroidManifest.xml:13:13-88
167            android:exported="false"
167-->[:open_file] AndroidManifest.xml:14:13-37
168            android:grantUriPermissions="true" >
168-->[:open_file] AndroidManifest.xml:15:13-47
169            <meta-data
169-->[:image_picker_android] AndroidManifest.xml:16:13-18:75
170                android:name="android.support.FILE_PROVIDER_PATHS"
170-->[:image_picker_android] AndroidManifest.xml:17:17-67
171                android:resource="@xml/filepaths" />
171-->[:image_picker_android] AndroidManifest.xml:18:17-72
172        </provider>
173
174        <activity
174-->[:url_launcher_android] AndroidManifest.xml:10:9-13:74
175            android:name="io.flutter.plugins.urllauncher.WebViewActivity"
175-->[:url_launcher_android] AndroidManifest.xml:11:13-74
176            android:exported="false"
176-->[:url_launcher_android] AndroidManifest.xml:12:13-37
177            android:theme="@android:style/Theme.NoTitleBar.Fullscreen" />
177-->[:url_launcher_android] AndroidManifest.xml:13:13-71
178        <activity
178-->[com.google.firebase:firebase-auth:22.3.1] AndroidManifest.xml:29:9-46:20
179            android:name="com.google.firebase.auth.internal.GenericIdpActivity"
179-->[com.google.firebase:firebase-auth:22.3.1] AndroidManifest.xml:30:13-80
180            android:excludeFromRecents="true"
180-->[com.google.firebase:firebase-auth:22.3.1] AndroidManifest.xml:31:13-46
181            android:exported="true"
181-->[com.google.firebase:firebase-auth:22.3.1] AndroidManifest.xml:32:13-36
182            android:launchMode="singleTask"
182-->[com.google.firebase:firebase-auth:22.3.1] AndroidManifest.xml:33:13-44
183            android:theme="@android:style/Theme.Translucent.NoTitleBar" >
183-->[com.google.firebase:firebase-auth:22.3.1] AndroidManifest.xml:34:13-72
184            <intent-filter>
184-->[com.google.firebase:firebase-auth:22.3.1] AndroidManifest.xml:35:13-45:29
185                <action android:name="android.intent.action.VIEW" />
185-->[com.google.firebase:firebase-auth:22.3.1] AndroidManifest.xml:36:17-69
185-->[com.google.firebase:firebase-auth:22.3.1] AndroidManifest.xml:36:25-66
186
187                <category android:name="android.intent.category.DEFAULT" />
187-->[com.google.firebase:firebase-auth:22.3.1] AndroidManifest.xml:38:17-76
187-->[com.google.firebase:firebase-auth:22.3.1] AndroidManifest.xml:38:27-73
188                <category android:name="android.intent.category.BROWSABLE" />
188-->[com.google.firebase:firebase-auth:22.3.1] AndroidManifest.xml:39:17-78
188-->[com.google.firebase:firebase-auth:22.3.1] AndroidManifest.xml:39:27-75
189
190                <data
190-->src\main\AndroidManifest.xml:72:13-50
191                    android:host="firebase.auth"
192                    android:path="/"
193                    android:scheme="genericidp" />
194            </intent-filter>
195        </activity>
196        <activity
196-->[com.google.firebase:firebase-auth:22.3.1] AndroidManifest.xml:47:9-64:20
197            android:name="com.google.firebase.auth.internal.RecaptchaActivity"
197-->[com.google.firebase:firebase-auth:22.3.1] AndroidManifest.xml:48:13-79
198            android:excludeFromRecents="true"
198-->[com.google.firebase:firebase-auth:22.3.1] AndroidManifest.xml:49:13-46
199            android:exported="true"
199-->[com.google.firebase:firebase-auth:22.3.1] AndroidManifest.xml:50:13-36
200            android:launchMode="singleTask"
200-->[com.google.firebase:firebase-auth:22.3.1] AndroidManifest.xml:51:13-44
201            android:theme="@android:style/Theme.Translucent.NoTitleBar" >
201-->[com.google.firebase:firebase-auth:22.3.1] AndroidManifest.xml:52:13-72
202            <intent-filter>
202-->[com.google.firebase:firebase-auth:22.3.1] AndroidManifest.xml:53:13-63:29
203                <action android:name="android.intent.action.VIEW" />
203-->[com.google.firebase:firebase-auth:22.3.1] AndroidManifest.xml:36:17-69
203-->[com.google.firebase:firebase-auth:22.3.1] AndroidManifest.xml:36:25-66
204
205                <category android:name="android.intent.category.DEFAULT" />
205-->[com.google.firebase:firebase-auth:22.3.1] AndroidManifest.xml:38:17-76
205-->[com.google.firebase:firebase-auth:22.3.1] AndroidManifest.xml:38:27-73
206                <category android:name="android.intent.category.BROWSABLE" />
206-->[com.google.firebase:firebase-auth:22.3.1] AndroidManifest.xml:39:17-78
206-->[com.google.firebase:firebase-auth:22.3.1] AndroidManifest.xml:39:27-75
207
208                <data
208-->src\main\AndroidManifest.xml:72:13-50
209                    android:host="firebase.auth"
210                    android:path="/"
211                    android:scheme="recaptcha" />
212            </intent-filter>
213        </activity>
214
215        <property
215-->[com.google.android.gms:play-services-measurement-api:21.6.1] AndroidManifest.xml:30:9-32:61
216            android:name="android.adservices.AD_SERVICES_CONFIG"
216-->[com.google.android.gms:play-services-measurement-api:21.6.1] AndroidManifest.xml:31:13-65
217            android:resource="@xml/ga_ad_services_config" />
217-->[com.google.android.gms:play-services-measurement-api:21.6.1] AndroidManifest.xml:32:13-58
218
219        <provider
219-->[com.google.firebase:firebase-common:20.4.3] AndroidManifest.xml:23:9-28:39
220            android:name="com.google.firebase.provider.FirebaseInitProvider"
220-->[com.google.firebase:firebase-common:20.4.3] AndroidManifest.xml:24:13-77
221            android:authorities="com.example.bookapp.firebaseinitprovider"
221-->[com.google.firebase:firebase-common:20.4.3] AndroidManifest.xml:25:13-72
222            android:directBootAware="true"
222-->[com.google.firebase:firebase-common:20.4.3] AndroidManifest.xml:26:13-43
223            android:exported="false"
223-->[com.google.firebase:firebase-common:20.4.3] AndroidManifest.xml:27:13-37
224            android:initOrder="100" />
224-->[com.google.firebase:firebase-common:20.4.3] AndroidManifest.xml:28:13-36
225
226        <activity
226-->[com.google.android.gms:play-services-base:18.0.1] AndroidManifest.xml:20:9-22:45
227            android:name="com.google.android.gms.common.api.GoogleApiActivity"
227-->[com.google.android.gms:play-services-base:18.0.1] AndroidManifest.xml:20:19-85
228            android:exported="false"
228-->[com.google.android.gms:play-services-base:18.0.1] AndroidManifest.xml:22:19-43
229            android:theme="@android:style/Theme.Translucent.NoTitleBar" />
229-->[com.google.android.gms:play-services-base:18.0.1] AndroidManifest.xml:21:19-78
230
231        <receiver
231-->[com.google.android.gms:play-services-measurement:21.6.1] AndroidManifest.xml:29:9-33:20
232            android:name="com.google.android.gms.measurement.AppMeasurementReceiver"
232-->[com.google.android.gms:play-services-measurement:21.6.1] AndroidManifest.xml:30:13-85
233            android:enabled="true"
233-->[com.google.android.gms:play-services-measurement:21.6.1] AndroidManifest.xml:31:13-35
234            android:exported="false" >
234-->[com.google.android.gms:play-services-measurement:21.6.1] AndroidManifest.xml:32:13-37
235        </receiver>
236
237        <service
237-->[com.google.android.gms:play-services-measurement:21.6.1] AndroidManifest.xml:35:9-38:40
238            android:name="com.google.android.gms.measurement.AppMeasurementService"
238-->[com.google.android.gms:play-services-measurement:21.6.1] AndroidManifest.xml:36:13-84
239            android:enabled="true"
239-->[com.google.android.gms:play-services-measurement:21.6.1] AndroidManifest.xml:37:13-35
240            android:exported="false" />
240-->[com.google.android.gms:play-services-measurement:21.6.1] AndroidManifest.xml:38:13-37
241        <service
241-->[com.google.android.gms:play-services-measurement:21.6.1] AndroidManifest.xml:39:9-43:72
242            android:name="com.google.android.gms.measurement.AppMeasurementJobService"
242-->[com.google.android.gms:play-services-measurement:21.6.1] AndroidManifest.xml:40:13-87
243            android:enabled="true"
243-->[com.google.android.gms:play-services-measurement:21.6.1] AndroidManifest.xml:41:13-35
244            android:exported="false"
244-->[com.google.android.gms:play-services-measurement:21.6.1] AndroidManifest.xml:42:13-37
245            android:permission="android.permission.BIND_JOB_SERVICE" />
245-->[com.google.android.gms:play-services-measurement:21.6.1] AndroidManifest.xml:43:13-69
246
247        <uses-library
247-->[androidx.window:window:1.0.0-beta04] AndroidManifest.xml:25:9-27:40
248            android:name="androidx.window.extensions"
248-->[androidx.window:window:1.0.0-beta04] AndroidManifest.xml:26:13-54
249            android:required="false" />
249-->[androidx.window:window:1.0.0-beta04] AndroidManifest.xml:27:13-37
250        <uses-library
250-->[androidx.window:window:1.0.0-beta04] AndroidManifest.xml:28:9-30:40
251            android:name="androidx.window.sidecar"
251-->[androidx.window:window:1.0.0-beta04] AndroidManifest.xml:29:13-51
252            android:required="false" />
252-->[androidx.window:window:1.0.0-beta04] AndroidManifest.xml:30:13-37
253
254        <provider
254-->[androidx.emoji2:emoji2:1.2.0] AndroidManifest.xml:24:9-32:20
255            android:name="androidx.startup.InitializationProvider"
255-->[androidx.emoji2:emoji2:1.2.0] AndroidManifest.xml:25:13-67
256            android:authorities="com.example.bookapp.androidx-startup"
256-->[androidx.emoji2:emoji2:1.2.0] AndroidManifest.xml:26:13-68
257            android:exported="false" >
257-->[androidx.emoji2:emoji2:1.2.0] AndroidManifest.xml:27:13-37
258            <meta-data
258-->[androidx.emoji2:emoji2:1.2.0] AndroidManifest.xml:29:13-31:52
259                android:name="androidx.emoji2.text.EmojiCompatInitializer"
259-->[androidx.emoji2:emoji2:1.2.0] AndroidManifest.xml:30:17-75
260                android:value="androidx.startup" />
260-->[androidx.emoji2:emoji2:1.2.0] AndroidManifest.xml:31:17-49
261            <meta-data
261-->[androidx.lifecycle:lifecycle-process:2.6.2] AndroidManifest.xml:29:13-31:52
262                android:name="androidx.lifecycle.ProcessLifecycleInitializer"
262-->[androidx.lifecycle:lifecycle-process:2.6.2] AndroidManifest.xml:30:17-78
263                android:value="androidx.startup" />
263-->[androidx.lifecycle:lifecycle-process:2.6.2] AndroidManifest.xml:31:17-49
264            <meta-data
264-->[androidx.profileinstaller:profileinstaller:1.3.1] AndroidManifest.xml:29:13-31:52
265                android:name="androidx.profileinstaller.ProfileInstallerInitializer"
265-->[androidx.profileinstaller:profileinstaller:1.3.1] AndroidManifest.xml:30:17-85
266                android:value="androidx.startup" />
266-->[androidx.profileinstaller:profileinstaller:1.3.1] AndroidManifest.xml:31:17-49
267        </provider>
268
269        <uses-library
269-->[androidx.privacysandbox.ads:ads-adservices:1.0.0-beta05] AndroidManifest.xml:23:9-25:40
270            android:name="android.ext.adservices"
270-->[androidx.privacysandbox.ads:ads-adservices:1.0.0-beta05] AndroidManifest.xml:24:13-50
271            android:required="false" />
271-->[androidx.privacysandbox.ads:ads-adservices:1.0.0-beta05] AndroidManifest.xml:25:13-37
272
273        <meta-data
273-->[com.google.android.gms:play-services-basement:18.3.0] AndroidManifest.xml:21:9-23:69
274            android:name="com.google.android.gms.version"
274-->[com.google.android.gms:play-services-basement:18.3.0] AndroidManifest.xml:22:13-58
275            android:value="@integer/google_play_services_version" />
275-->[com.google.android.gms:play-services-basement:18.3.0] AndroidManifest.xml:23:13-66
276
277        <receiver
277-->[androidx.profileinstaller:profileinstaller:1.3.1] AndroidManifest.xml:34:9-52:20
278            android:name="androidx.profileinstaller.ProfileInstallReceiver"
278-->[androidx.profileinstaller:profileinstaller:1.3.1] AndroidManifest.xml:35:13-76
279            android:directBootAware="false"
279-->[androidx.profileinstaller:profileinstaller:1.3.1] AndroidManifest.xml:36:13-44
280            android:enabled="true"
280-->[androidx.profileinstaller:profileinstaller:1.3.1] AndroidManifest.xml:37:13-35
281            android:exported="true"
281-->[androidx.profileinstaller:profileinstaller:1.3.1] AndroidManifest.xml:38:13-36
282            android:permission="android.permission.DUMP" >
282-->[androidx.profileinstaller:profileinstaller:1.3.1] AndroidManifest.xml:39:13-57
283            <intent-filter>
283-->[androidx.profileinstaller:profileinstaller:1.3.1] AndroidManifest.xml:40:13-42:29
284                <action android:name="androidx.profileinstaller.action.INSTALL_PROFILE" />
284-->[androidx.profileinstaller:profileinstaller:1.3.1] AndroidManifest.xml:41:17-91
284-->[androidx.profileinstaller:profileinstaller:1.3.1] AndroidManifest.xml:41:25-88
285            </intent-filter>
286            <intent-filter>
286-->[androidx.profileinstaller:profileinstaller:1.3.1] AndroidManifest.xml:43:13-45:29
287                <action android:name="androidx.profileinstaller.action.SKIP_FILE" />
287-->[androidx.profileinstaller:profileinstaller:1.3.1] AndroidManifest.xml:44:17-85
287-->[androidx.profileinstaller:profileinstaller:1.3.1] AndroidManifest.xml:44:25-82
288            </intent-filter>
289            <intent-filter>
289-->[androidx.profileinstaller:profileinstaller:1.3.1] AndroidManifest.xml:46:13-48:29
290                <action android:name="androidx.profileinstaller.action.SAVE_PROFILE" />
290-->[androidx.profileinstaller:profileinstaller:1.3.1] AndroidManifest.xml:47:17-88
290-->[androidx.profileinstaller:profileinstaller:1.3.1] AndroidManifest.xml:47:25-85
291            </intent-filter>
292            <intent-filter>
292-->[androidx.profileinstaller:profileinstaller:1.3.1] AndroidManifest.xml:49:13-51:29
293                <action android:name="androidx.profileinstaller.action.BENCHMARK_OPERATION" />
293-->[androidx.profileinstaller:profileinstaller:1.3.1] AndroidManifest.xml:50:17-95
293-->[androidx.profileinstaller:profileinstaller:1.3.1] AndroidManifest.xml:50:25-92
294            </intent-filter>
295        </receiver>
296    </application>
297
298</manifest>